[debug] [2018-06-05T19:55:56.007Z] ----------------------------------------------------------------------
[debug] [2018-06-05T19:55:56.009Z] Command:       /usr/local/bin/node /usr/local/bin/firebase serve
[debug] [2018-06-05T19:55:56.010Z] CLI Version:   3.18.5
[debug] [2018-06-05T19:55:56.010Z] Platform:      darwin
[debug] [2018-06-05T19:55:56.010Z] Node Version:  v8.11.2
[debug] [2018-06-05T19:55:56.010Z] Time:          Tue Jun 05 2018 14:55:56 GMT-0500 (CDT)
[debug] [2018-06-05T19:55:56.011Z] ----------------------------------------------------------------------
[debug] 
[debug] [2018-06-05T19:55:56.023Z] > command requires scopes: ["email","openid","https://www.googleapis.com/auth/cloudplatformprojects.readonly","https://www.googleapis.com/auth/firebase","https://www.googleapis.com/auth/cloud-platform"]
[debug] [2018-06-05T19:55:56.023Z] > authorizing via signed-in user
[debug] [2018-06-05T19:55:56.025Z] >>> HTTP REQUEST GET https://admin.firebase.com/v1/projects/flight-depot  
  
 Tue Jun 05 2018 14:55:56 GMT-0500 (CDT)
[debug] [2018-06-05T19:55:56.354Z] <<< HTTP RESPONSE 200
[debug] [2018-06-05T19:55:56.355Z] >>> HTTP REQUEST GET https://admin.firebase.com/v1/database/flight-depot/tokens  
  
 Tue Jun 05 2018 14:55:56 GMT-0500 (CDT)
[debug] [2018-06-05T19:55:56.700Z] <<< HTTP RESPONSE 200
[debug] [2018-06-05T19:55:56.702Z] >>> HTTP REQUEST GET https://cloudresourcemanager.googleapis.com/v1/projects/flight-depot  
  
 Tue Jun 05 2018 14:55:56 GMT-0500 (CDT)
[debug] [2018-06-05T19:55:56.898Z] <<< HTTP RESPONSE 200
[info] 
[info] === Serving from '/Users/franciscoduluc/Desktop/ASSIGNMENTS/flight_depot'...
[info] 
[debug] [2018-06-05T19:55:56.901Z] >>> HTTP REQUEST GET https://mobilesdk-pa.googleapis.com/v1/projects/213748674458/clients/_:getWebAppConfig  
  
 Tue Jun 05 2018 14:55:56 GMT-0500 (CDT)
[debug] [2018-06-05T19:55:57.125Z] <<< HTTP RESPONSE 200
[info] i  hosting: Serving hosting files from: Y
[info] ✔  hosting: Local server: http://localhost:5000

